Build started 2013/4/7 14:21:46.
     1>Project "F:\desktop-win\MyMeshFrame\MeshTool\MeshTool\MeshTool.vcxproj" on node 2 (build target(s)).
     1>InitializeBuildStatus:
         Creating "Debug\MeshTool.unsuccessfulbuild" because "AlwaysCreate" was specified.
       ClCompile:
         All outputs are up-to-date.
         All outputs are up-to-date.
       ResourceCompile:
         All outputs are up-to-date.
       ManifestResourceCompile:
         All outputs are up-to-date.
       Link:
         All outputs are up-to-date.
       Manifest:
         C:\Program Files\Microsoft SDKs\Windows\v7.0A\bin\mt.exe /nologo /verbose /out:"Debug\MeshTool.exe.embed.manifest" /manifest Debug\MeshTool.exe.intermediate.manifest "D:\Program Files\Microsoft Visual Studio 10.0\VC\Include\Manifest\dpiaware.manifest"
         All outputs are up-to-date.
       FinalizeBuildStatus:
         Deleting file "Debug\MeshTool.unsuccessfulbuild".
         Touching "Debug\MeshTool.lastbuildstate".
     1>Done Building Project "F:\desktop-win\MyMeshFrame\MeshTool\MeshTool\MeshTool.vcxproj" (build target(s)).

Build succeeded.

Time Elapsed 00:00:00.22
